Wed Oct 16 15:46:28 SAST 2024 : Apache Derby Network Server - 10.14.2.0 - (1828579) started and ready to accept connections on port 1527
----------------------------------------------------------------
Wed Oct 16 15:46:28 SAST 2024:
Booting Derby version The Apache Software Foundation - Apache Derby - 10.14.2.0 - (1828579): instance a816c00e-0192-9594-788c-000004826f2d 
on database directory C:\Users\hp\Documents\GitHub\ADP_PROJECT\CarVote with class loader jdk.internal.loader.ClassLoaders$AppClassLoader@70dea4e 
Loaded from file:/C:/Program%20Files/Java/jdk-21/db/db-derby-10.14.2.0-bin/lib/derby.jar
java.vendor=Oracle Corporation
java.runtime.version=21.0.2+13-LTS-58
user.dir=C:\Program Files\Java\jdk-21\db\db-derby-10.14.2.0-bin
os.name=Windows 11
os.arch=amd64
os.version=10.0
derby.system.home=C:\Users\hp\Documents\GitHub\ADP_PROJECT
Database Class Loader started - derby.database.classpath=''
----------------------------------------------------------------
Wed Oct 16 15:46:29 SAST 2024:
Shutting down instance a816c00e-0192-9594-788c-000004826f2d on database directory C:\Users\hp\Documents\GitHub\ADP_PROJECT\CarVote with class loader jdk.internal.loader.ClassLoaders$AppClassLoader@70dea4e 
Wed Oct 16 15:46:29 SAST 2024 Thread[#33,DRDAConnThread_3,5,main] (DATABASE = CarVote), (DRDAID = {2}), Database 'CarVote' shutdown.
----------------------------------------------------------------
Wed Oct 16 15:46:37 SAST 2024:
Booting Derby version The Apache Software Foundation - Apache Derby - 10.14.2.0 - (1828579): instance 6ede40af-0192-9594-788c-000004826f2d 
on database directory C:\Users\hp\Documents\GitHub\ADP_PROJECT\CarVote with class loader jdk.internal.loader.ClassLoaders$AppClassLoader@70dea4e 
Loaded from file:/C:/Program%20Files/Java/jdk-21/db/db-derby-10.14.2.0-bin/lib/derby.jar
java.vendor=Oracle Corporation
java.runtime.version=21.0.2+13-LTS-58
user.dir=C:\Program Files\Java\jdk-21\db\db-derby-10.14.2.0-bin
os.name=Windows 11
os.arch=amd64
os.version=10.0
derby.system.home=C:\Users\hp\Documents\GitHub\ADP_PROJECT
Database Class Loader started - derby.database.classpath=''
----------------------------------------------------------------
Wed Oct 16 16:05:00 SAST 2024: Shutting down Derby engine
----------------------------------------------------------------
Wed Oct 16 16:05:00 SAST 2024:
Shutting down instance 6ede40af-0192-9594-788c-000004826f2d on database directory C:\Users\hp\Documents\GitHub\ADP_PROJECT\CarVote with class loader jdk.internal.loader.ClassLoaders$AppClassLoader@70dea4e 
----------------------------------------------------------------
